<html>
<head>
<title>TestNG:  Login Test Cases</title>
<link href="../testng.css" rel="stylesheet" type="text/css" />
<link href="../my-testng.css" rel="stylesheet" type="text/css" />

<style type="text/css">
.log { display: none;} 
.stack-trace { display: none;} 
</style>
<script type="text/javascript">
<!--
function flip(e) {
  current = e.style.display;
  if (current == 'block') {
    e.style.display = 'none';
    return 0;
  }
  else {
    e.style.display = 'block';
    return 1;
  }
}

function toggleBox(szDivId, elem, msg1, msg2)
{
  var res = -1;  if (document.getElementById) {
    res = flip(document.getElementById(szDivId));
  }
  else if (document.all) {
    // this is the way old msie versions work
    res = flip(document.all[szDivId]);
  }
  if(elem) {
    if(res == 0) elem.innerHTML = msg1; else elem.innerHTML = msg2;
  }

}

function toggleAllBoxes() {
  if (document.getElementsByTagName) {
    d = document.getElementsByTagName('div');
    for (i = 0; i < d.length; i++) {
      if (d[i].className == 'log') {
        flip(d[i]);
      }
    }
  }
}

// -->
</script>

</head>
<body>
<h2 align='center'>Login Test Cases</h2><table border='1' align="center">
<tr>
<td>Tests passed/Failed/Skipped:</td><td>25/2/0</td>
</tr><tr>
<td>Started on:</td><td>Fri Jun 13 14:42:16 IST 2025</td>
</tr>
<tr><td>Total time:</td><td>351 seconds (351553 ms)</td>
</tr><tr>
<td>Included groups:</td><td></td>
</tr><tr>
<td>Excluded groups:</td><td></td>
</tr>
</table><p/>
<small><i>(Hover the method name to see the test class name)</i></small><p/>
<table width='100%' border='1' class='invocation-failed'>
<tr><td colspan='4' align='center'><b>FAILED TESTS</b></td></tr>
<tr><td><b>Test method</b></td>
<td><b>Attribute(s)</b></td>
<td width="30%"><b>Exception</b></td>
<td width="10%"><b>Time (seconds)</b></td>
<td><b>Instance</b></td>
</tr>
<tr>
<td title='Fo.Reservation.Test_Advance_Amount()'><b>Test_Advance_Amount</b><br>Test class: Fo.Reservation</td>
<td><div><pre>org.openqa.selenium.ElementClickInterceptedException: element click intercepted: Element &lt;input aria-required=&quot;true&quot; maxlength=&quot;18&quot; id=&quot;1749806250378&quot; type=&quot;text&quot; value=&quot;&quot; style=&quot;width:111px;text-align:right;&quot; oninput=&quot;fnCurFormatDecimalHtmlContFoResAdv(this, event,&apos;L&apos;,&apos;.&apos;,&apos;3&apos;) &quot;&gt; is not clickable at point (175, 297). Other element would receive the click: &lt;div class=&quot;webix_modal&quot; style=&quot;z-index: 100;&quot;&gt;&lt;/div&gt;
  (Session info: chrome=137.0.7151.104)
Build info: version: &apos;4.33.0&apos;, revision: &apos;2c6aaad03a&apos;
System info: os.name: &apos;Windows 10&apos;, os.arch: &apos;amd64&apos;, os.version: &apos;10.0&apos;, java.version: &apos;21.0.7&apos;
Driver info: org.openqa.selenium.chrome.ChromeDriver
Command: [5e3a17bcb680bc629fd5fcabf7556497, clickElement {id=f.19A69ED7631E6853771521F64C3E48C4.d.49742E94D1484C98C3028A43E427F04A.e.2282}]
Capabilities {acceptInsecureCerts: false, browserName: chrome, browserVersion: 137.0.7151.104, chrome: {chromedriverVersion: 137.0.7151.68 (2989ffee9373..., userDataDir: C:\Users\Jeeva\AppData\Loca...}, fedcm:accounts: true, goog:chromeOptions: {debuggerAddress: localhost:52984}, networkConnectionEnabled: false, pageLoadStrategy: normal, platformName: windows, proxy: Proxy(), se:cdp: ws://localhost:52984/devtoo..., se:cdpVersion: 137.0.7151.104, setWindowRect: true, strictFileInteractability: false, timeouts: {implicit: 0, pageLoad: 300000, script: 30000}, unhandledPromptBehavior: dismiss and notify, webauthn:extension:credBlob: true, webauthn:extension:largeBlob: true, webauthn:extension:minPinLength: true, webauthn:extension:prf: true, webauthn:virtualAuthenticators: true}
Element: [[ChromeDriver: chrome on windows (5e3a17bcb680bc629fd5fcabf7556497)] -&gt; xpath: //label[text()=&apos;Amount&apos;]/following-sibling::input[@type=&apos;text&apos;]]
Session ID: 5e3a17bcb680bc629fd5fcabf7556497
	at org.openqa.selenium.remote.ErrorCodec.decode(ErrorCodec.java:167)
	at org.openqa.selenium.remote.codec.w3c.W3CHttpResponseCodec.decode(W3CHttpResponseCodec.java:138)
	at org.openqa.selenium.remote.codec.w3c.W3CHttpResponseCodec.decode(W3CHttpResponseCodec.java:50)
	at org.openqa.selenium.remote.HttpCommandExecutor.execute(HttpCommandExecutor.java:215)
	at org.openqa.selenium.remote.service.DriverCommandExecutor.invokeExecute(DriverCommandExecutor.java:216)
	at org.openqa.selenium.remote.service.DriverCommandExecutor.execute(DriverCommandExecutor.java:174)
	at org.openqa.selenium.remote.RemoteWebDriver.execute(RemoteWebDriver.java:544)
	at org.openqa.selenium.remote.RemoteWebElement.execute(RemoteWebElement.java:223)
	at org.openqa.selenium.remote.RemoteWebElement.click(RemoteWebElement.java:76)
	at Fo.Reservation.Test_Advance_Amount(Reservation.java:1125)
	at java.base/java.util.ArrayList.forEach(ArrayList.java:1596)
... Removed 28 stack frames</pre></div><a href='#' onClick='toggleBox("stack-trace164802358", this, "Click to show all stack frames", "Click to hide stack frames")'>Click to show all stack frames</a>
<div class='stack-trace' id='stack-trace164802358'><pre>org.openqa.selenium.ElementClickInterceptedException: element click intercepted: Element &lt;input aria-required=&quot;true&quot; maxlength=&quot;18&quot; id=&quot;1749806250378&quot; type=&quot;text&quot; value=&quot;&quot; style=&quot;width:111px;text-align:right;&quot; oninput=&quot;fnCurFormatDecimalHtmlContFoResAdv(this, event,&apos;L&apos;,&apos;.&apos;,&apos;3&apos;) &quot;&gt; is not clickable at point (175, 297). Other element would receive the click: &lt;div class=&quot;webix_modal&quot; style=&quot;z-index: 100;&quot;&gt;&lt;/div&gt;
  (Session info: chrome=137.0.7151.104)
Build info: version: &apos;4.33.0&apos;, revision: &apos;2c6aaad03a&apos;
System info: os.name: &apos;Windows 10&apos;, os.arch: &apos;amd64&apos;, os.version: &apos;10.0&apos;, java.version: &apos;21.0.7&apos;
Driver info: org.openqa.selenium.chrome.ChromeDriver
Command: [5e3a17bcb680bc629fd5fcabf7556497, clickElement {id=f.19A69ED7631E6853771521F64C3E48C4.d.49742E94D1484C98C3028A43E427F04A.e.2282}]
Capabilities {acceptInsecureCerts: false, browserName: chrome, browserVersion: 137.0.7151.104, chrome: {chromedriverVersion: 137.0.7151.68 (2989ffee9373..., userDataDir: C:\Users\Jeeva\AppData\Loca...}, fedcm:accounts: true, goog:chromeOptions: {debuggerAddress: localhost:52984}, networkConnectionEnabled: false, pageLoadStrategy: normal, platformName: windows, proxy: Proxy(), se:cdp: ws://localhost:52984/devtoo..., se:cdpVersion: 137.0.7151.104, setWindowRect: true, strictFileInteractability: false, timeouts: {implicit: 0, pageLoad: 300000, script: 30000}, unhandledPromptBehavior: dismiss and notify, webauthn:extension:credBlob: true, webauthn:extension:largeBlob: true, webauthn:extension:minPinLength: true, webauthn:extension:prf: true, webauthn:virtualAuthenticators: true}
Element: [[ChromeDriver: chrome on windows (5e3a17bcb680bc629fd5fcabf7556497)] -&gt; xpath: //label[text()=&apos;Amount&apos;]/following-sibling::input[@type=&apos;text&apos;]]
Session ID: 5e3a17bcb680bc629fd5fcabf7556497
	at java.base/jdk.internal.reflect.DirectConstructorHandleAccessor.newInstance(DirectConstructorHandleAccessor.java:62)
	at java.base/java.lang.reflect.Constructor.newInstanceWithCaller(Constructor.java:502)
	at java.base/java.lang.reflect.Constructor.newInstance(Constructor.java:486)
	at org.openqa.selenium.remote.ErrorCodec.decode(ErrorCodec.java:167)
	at org.openqa.selenium.remote.codec.w3c.W3CHttpResponseCodec.decode(W3CHttpResponseCodec.java:138)
	at org.openqa.selenium.remote.codec.w3c.W3CHttpResponseCodec.decode(W3CHttpResponseCodec.java:50)
	at org.openqa.selenium.remote.HttpCommandExecutor.execute(HttpCommandExecutor.java:215)
	at org.openqa.selenium.remote.service.DriverCommandExecutor.invokeExecute(DriverCommandExecutor.java:216)
	at org.openqa.selenium.remote.service.DriverCommandExecutor.execute(DriverCommandExecutor.java:174)
	at org.openqa.selenium.remote.RemoteWebDriver.execute(RemoteWebDriver.java:544)
	at org.openqa.selenium.remote.RemoteWebElement.execute(RemoteWebElement.java:223)
	at org.openqa.selenium.remote.RemoteWebElement.click(RemoteWebElement.java:76)
	at Fo.Reservation.Test_Advance_Amount(Reservation.java:1125)
	at java.base/jdk.internal.reflect.DirectMethodHandleAccessor.invoke(DirectMethodHandleAccessor.java:103)
	at java.base/java.lang.reflect.Method.invoke(Method.java:580)
	at org.testng.internal.invokers.MethodInvocationHelper.invokeMethod(MethodInvocationHelper.java:141)
	at org.testng.internal.invokers.TestInvoker.invokeMethod(TestInvoker.java:686)
	at org.testng.internal.invokers.TestInvoker.invokeTestMethod(TestInvoker.java:230)
	at org.testng.internal.invokers.MethodRunner.runInSequence(MethodRunner.java:63)
	at org.testng.internal.invokers.TestInvoker$MethodInvocationAgent.invoke(TestInvoker.java:992)
	at org.testng.internal.invokers.TestInvoker.invokeTestMethods(TestInvoker.java:203)
	at org.testng.internal.invokers.TestMethodWorker.invokeTestMethods(TestMethodWorker.java:154)
	at org.testng.internal.invokers.TestMethodWorker.run(TestMethodWorker.java:134)
	at java.base/java.util.ArrayList.forEach(ArrayList.java:1596)
	at org.testng.TestRunner.privateRun(TestRunner.java:739)
	at org.testng.TestRunner.run(TestRunner.java:614)
	at org.testng.SuiteRunner.runTest(SuiteRunner.java:421)
	at org.testng.SuiteRunner.runSequentially(SuiteRunner.java:413)
	at org.testng.SuiteRunner.privateRun(SuiteRunner.java:373)
	at org.testng.SuiteRunner.run(SuiteRunner.java:312)
	at org.testng.SuiteRunnerWorker.runSuite(SuiteRunnerWorker.java:52)
	at org.testng.SuiteRunnerWorker.run(SuiteRunnerWorker.java:95)
	at org.testng.TestNG.runSuitesSequentially(TestNG.java:1274)
	at org.testng.TestNG.runSuitesLocally(TestNG.java:1208)
	at org.testng.TestNG.runSuites(TestNG.java:1112)
	at org.testng.TestNG.run(TestNG.java:1079)
	at org.testng.remote.AbstractRemoteTestNG.run(AbstractRemoteTestNG.java:115)
	at org.testng.remote.RemoteTestNG.initAndRun(RemoteTestNG.java:293)
	at org.testng.remote.RemoteTestNG.main(RemoteTestNG.java:91)
</pre></div></td>
<td>26</td>
<td>Fo.Reservation@6f45df59</td></tr>
<tr>
<td title='Fo.Reservation.Test_Future_Arrival_Date()'><b>Test_Future_Arrival_Date</b><br>Test class: Fo.Reservation</td>
<td><div><pre>org.openqa.selenium.TimeoutException: Expected condition failed: waiting for element to be clickable: By.xpath: //button[text()=&apos;OK&apos;] (tried for 20 second(s) with 500 milliseconds interval)
Build info: version: &apos;4.33.0&apos;, revision: &apos;2c6aaad03a&apos;
System info: os.name: &apos;Windows 10&apos;, os.arch: &apos;amd64&apos;, os.version: &apos;10.0&apos;, java.version: &apos;21.0.7&apos;
Driver info: org.openqa.selenium.chrome.ChromeDriver
Capabilities {acceptInsecureCerts: false, browserName: chrome, browserVersion: 137.0.7151.104, chrome: {chromedriverVersion: 137.0.7151.68 (2989ffee9373..., userDataDir: C:\Users\Jeeva\AppData\Loca...}, fedcm:accounts: true, goog:chromeOptions: {debuggerAddress: localhost:52984}, networkConnectionEnabled: false, pageLoadStrategy: normal, platformName: windows, proxy: Proxy(), se:cdp: ws://localhost:52984/devtoo..., se:cdpVersion: 137.0.7151.104, setWindowRect: true, strictFileInteractability: false, timeouts: {implicit: 0, pageLoad: 300000, script: 30000}, unhandledPromptBehavior: dismiss and notify, webauthn:extension:credBlob: true, webauthn:extension:largeBlob: true, webauthn:extension:minPinLength: true, webauthn:extension:prf: true, webauthn:virtualAuthenticators: true}
Session ID: 5e3a17bcb680bc629fd5fcabf7556497
	at org.openqa.selenium.support.ui.WebDriverWait.timeoutException(WebDriverWait.java:84)
	at org.openqa.selenium.support.ui.FluentWait.until(FluentWait.java:228)
	at Fo.Reservation.Test_Future_Arrival_Date(Reservation.java:94)
	at java.base/java.util.ArrayList.forEach(ArrayList.java:1596)
... Removed 25 stack frames</pre></div><a href='#' onClick='toggleBox("stack-trace1562595588", this, "Click to show all stack frames", "Click to hide stack frames")'>Click to show all stack frames</a>
<div class='stack-trace' id='stack-trace1562595588'><pre>org.openqa.selenium.TimeoutException: Expected condition failed: waiting for element to be clickable: By.xpath: //button[text()=&apos;OK&apos;] (tried for 20 second(s) with 500 milliseconds interval)
Build info: version: &apos;4.33.0&apos;, revision: &apos;2c6aaad03a&apos;
System info: os.name: &apos;Windows 10&apos;, os.arch: &apos;amd64&apos;, os.version: &apos;10.0&apos;, java.version: &apos;21.0.7&apos;
Driver info: org.openqa.selenium.chrome.ChromeDriver
Capabilities {acceptInsecureCerts: false, browserName: chrome, browserVersion: 137.0.7151.104, chrome: {chromedriverVersion: 137.0.7151.68 (2989ffee9373..., userDataDir: C:\Users\Jeeva\AppData\Loca...}, fedcm:accounts: true, goog:chromeOptions: {debuggerAddress: localhost:52984}, networkConnectionEnabled: false, pageLoadStrategy: normal, platformName: windows, proxy: Proxy(), se:cdp: ws://localhost:52984/devtoo..., se:cdpVersion: 137.0.7151.104, setWindowRect: true, strictFileInteractability: false, timeouts: {implicit: 0, pageLoad: 300000, script: 30000}, unhandledPromptBehavior: dismiss and notify, webauthn:extension:credBlob: true, webauthn:extension:largeBlob: true, webauthn:extension:minPinLength: true, webauthn:extension:prf: true, webauthn:virtualAuthenticators: true}
Session ID: 5e3a17bcb680bc629fd5fcabf7556497
	at org.openqa.selenium.support.ui.WebDriverWait.timeoutException(WebDriverWait.java:84)
	at org.openqa.selenium.support.ui.FluentWait.until(FluentWait.java:228)
	at Fo.Reservation.Test_Future_Arrival_Date(Reservation.java:94)
	at java.base/jdk.internal.reflect.DirectMethodHandleAccessor.invoke(DirectMethodHandleAccessor.java:103)
	at java.base/java.lang.reflect.Method.invoke(Method.java:580)
	at org.testng.internal.invokers.MethodInvocationHelper.invokeMethod(MethodInvocationHelper.java:141)
	at org.testng.internal.invokers.TestInvoker.invokeMethod(TestInvoker.java:686)
	at org.testng.internal.invokers.TestInvoker.invokeTestMethod(TestInvoker.java:230)
	at org.testng.internal.invokers.MethodRunner.runInSequence(MethodRunner.java:63)
	at org.testng.internal.invokers.TestInvoker$MethodInvocationAgent.invoke(TestInvoker.java:992)
	at org.testng.internal.invokers.TestInvoker.invokeTestMethods(TestInvoker.java:203)
	at org.testng.internal.invokers.TestMethodWorker.invokeTestMethods(TestMethodWorker.java:154)
	at org.testng.internal.invokers.TestMethodWorker.run(TestMethodWorker.java:134)
	at java.base/java.util.ArrayList.forEach(ArrayList.java:1596)
	at org.testng.TestRunner.privateRun(TestRunner.java:739)
	at org.testng.TestRunner.run(TestRunner.java:614)
	at org.testng.SuiteRunner.runTest(SuiteRunner.java:421)
	at org.testng.SuiteRunner.runSequentially(SuiteRunner.java:413)
	at org.testng.SuiteRunner.privateRun(SuiteRunner.java:373)
	at org.testng.SuiteRunner.run(SuiteRunner.java:312)
	at org.testng.SuiteRunnerWorker.runSuite(SuiteRunnerWorker.java:52)
	at org.testng.SuiteRunnerWorker.run(SuiteRunnerWorker.java:95)
	at org.testng.TestNG.runSuitesSequentially(TestNG.java:1274)
	at org.testng.TestNG.runSuitesLocally(TestNG.java:1208)
	at org.testng.TestNG.runSuites(TestNG.java:1112)
	at org.testng.TestNG.run(TestNG.java:1079)
	at org.testng.remote.AbstractRemoteTestNG.run(AbstractRemoteTestNG.java:115)
	at org.testng.remote.RemoteTestNG.initAndRun(RemoteTestNG.java:293)
	at org.testng.remote.RemoteTestNG.main(RemoteTestNG.java:91)
</pre></div></td>
<td>46</td>
<td>Fo.Reservation@6f45df59</td></tr>
</table><p>
<table width='100%' border='1' class='invocation-passed'>
<tr><td colspan='4' align='center'><b>PASSED TESTS</b></td></tr>
<tr><td><b>Test method</b></td>
<td><b>Attribute(s)</b></td>
<td width="30%"><b>Exception</b></td>
<td width="10%"><b>Time (seconds)</b></td>
<td><b>Instance</b></td>
</tr>
<tr>
<td title='Fo.Reservation.Test_CheckinList_Confirmed()'><b>Test_CheckinList_Confirmed</b><br>Test class: Fo.Reservation</td>
<td></td>
<td>16</td>
<td>Fo.Reservation@6f45df59</td></tr>
<tr>
<td title='Fo.Reservation.Test_CheckinList_Tentative()'><b>Test_CheckinList_Tentative</b><br>Test class: Fo.Reservation</td>
<td></td>
<td>38</td>
<td>Fo.Reservation@6f45df59</td></tr>
<tr>
<td title='Fo.Reservation.Test_Mandatory_Fields_arraivaltime()'><b>Test_Mandatory_Fields_arraivaltime</b><br>Test class: Fo.Reservation</td>
<td></td>
<td>3</td>
<td>Fo.Reservation@6f45df59</td></tr>
<tr>
<td title='Fo.Reservation.Test_Mandatory_Fields_departuredate()'><b>Test_Mandatory_Fields_departuredate</b><br>Test class: Fo.Reservation</td>
<td></td>
<td>4</td>
<td>Fo.Reservation@6f45df59</td></tr>
<tr>
<td title='Fo.Reservation.Test_Registration_page()'><b>Test_Registration_page</b><br>Test class: Fo.Reservation</td>
<td></td>
<td>3</td>
<td>Fo.Reservation@6f45df59</td></tr>
<tr>
<td title='Fo.Reservation.Test_Mandatory_Guest()'><b>Test_Mandatory_Guest</b><br>Test class: Fo.Reservation</td>
<td></td>
<td>2</td>
<td>Fo.Reservation@6f45df59</td></tr>
<tr>
<td title='Fo.Reservation.Test_Mandatory_Fields_departuretime()'><b>Test_Mandatory_Fields_departuretime</b><br>Test class: Fo.Reservation</td>
<td></td>
<td>5</td>
<td>Fo.Reservation@6f45df59</td></tr>
<tr>
<td title='Fo.Reservation.Test_Mandatory_Ratecode()'><b>Test_Mandatory_Ratecode</b><br>Test class: Fo.Reservation</td>
<td></td>
<td>5</td>
<td>Fo.Reservation@6f45df59</td></tr>
<tr>
<td title='Fo.Login.testloginpage()'><b>testloginpage</b><br>Test class: Fo.Login</td>
<td></td>
<td>0</td>
<td>Fo.Login@38102d01</td></tr>
<tr>
<td title='Fo.Reservation.Test_Mandatory_NoofRooms()'><b>Test_Mandatory_NoofRooms</b><br>Test class: Fo.Reservation</td>
<td></td>
<td>24</td>
<td>Fo.Reservation@6f45df59</td></tr>
<tr>
<td title='Fo.Login.testnegativeuserid()'><b>testnegativeuserid</b><br>Test class: Fo.Login</td>
<td></td>
<td>0</td>
<td>Fo.Login@38102d01</td></tr>
<tr>
<td title='Fo.Reservation.Test_Sucessfull_Login()'><b>Test_Sucessfull_Login</b><br>Test class: Fo.Reservation</td>
<td></td>
<td>5</td>
<td>Fo.Reservation@6f45df59</td></tr>
<tr>
<td title='Fo.Reservation.Test_Complete_Reservation()'><b>Test_Complete_Reservation</b><br>Test class: Fo.Reservation</td>
<td></td>
<td>10</td>
<td>Fo.Reservation@6f45df59</td></tr>
<tr>
<td title='Fo.Login.testnegativelogin()'><b>testnegativelogin</b><br>Test class: Fo.Login</td>
<td></td>
<td>0</td>
<td>Fo.Login@38102d01</td></tr>
<tr>
<td title='Fo.Reservation.Test_Mandatory_Fields_arrivaldate()'><b>Test_Mandatory_Fields_arrivaldate</b><br>Test class: Fo.Reservation</td>
<td></td>
<td>3</td>
<td>Fo.Reservation@6f45df59</td></tr>
<tr>
<td title='Fo.Reservation.Test_Complete_Checkin()'><b>Test_Complete_Checkin</b><br>Test class: Fo.Reservation</td>
<td></td>
<td>24</td>
<td>Fo.Reservation@6f45df59</td></tr>
<tr>
<td title='Fo.Login.testpositivepassword()'><b>testpositivepassword</b><br>Test class: Fo.Login</td>
<td></td>
<td>1</td>
<td>Fo.Login@38102d01</td></tr>
<tr>
<td title='Fo.Reservation.Test_Registration_with_TodayDate()'><b>Test_Registration_with_TodayDate</b><br>Test class: Fo.Reservation</td>
<td></td>
<td>10</td>
<td>Fo.Reservation@6f45df59</td></tr>
<tr>
<td title='Fo.Reservation.Test_Mandatory_Segment()'><b>Test_Mandatory_Segment</b><br>Test class: Fo.Reservation</td>
<td></td>
<td>29</td>
<td>Fo.Reservation@6f45df59</td></tr>
<tr>
<td title='Fo.Login.testpositiveuserid()'><b>testpositiveuserid</b><br>Test class: Fo.Login</td>
<td></td>
<td>0</td>
<td>Fo.Login@38102d01</td></tr>
<tr>
<td title='Fo.Reservation.Test_Mandatory_GuestType()'><b>Test_Mandatory_GuestType</b><br>Test class: Fo.Reservation</td>
<td></td>
<td>25</td>
<td>Fo.Reservation@6f45df59</td></tr>
<tr>
<td title='Fo.Reservation.Verify_Positive_nights()'><b>Verify_Positive_nights</b><br>Test class: Fo.Reservation</td>
<td></td>
<td>5</td>
<td>Fo.Reservation@6f45df59</td></tr>
<tr>
<td title='Fo.Reservation.Test_Mandatory_Roomtype()'><b>Test_Mandatory_Roomtype</b><br>Test class: Fo.Reservation</td>
<td></td>
<td>4</td>
<td>Fo.Reservation@6f45df59</td></tr>
<tr>
<td title='Fo.Login.testnegativepassword()'><b>testnegativepassword</b><br>Test class: Fo.Login</td>
<td></td>
<td>2</td>
<td>Fo.Login@38102d01</td></tr>
<tr>
<td title='Fo.Reservation.Test_CheckinList_WaitingList()'><b>Test_CheckinList_WaitingList</b><br>Test class: Fo.Reservation</td>
<td></td>
<td>40</td>
<td>Fo.Reservation@6f45df59</td></tr>
</table><p>
</body>
</html>