<?xml version="1.0" encoding="UTF-8"?>
<!-- Generated by org.testng.reporters.JUnitXMLReporter -->
<testsuite ignored="0" hostname="WIN-LAP-057" failures="2" tests="27" name="Login Test Cases" time="351.553" errors="0" timestamp="2025-06-13T14:48:09 IST">
  <testcase classname="Fo.Login" name="testloginpage" time="0.445"/>
  <testcase classname="Fo.Login" name="testnegativelogin" time="0.413"/>
  <testcase classname="Fo.Login" name="testnegativepassword" time="2.972"/>
  <testcase classname="Fo.Login" name="testnegativeuserid" time="0.687"/>
  <testcase classname="Fo.Login" name="testpositivepassword" time="1.086"/>
  <testcase classname="Fo.Login" name="testpositiveuserid" time="0.662"/>
  <testcase classname="Fo.Reservation" name="Test_Sucessfull_Login" time="5.929"/>
  <testcase classname="Fo.Reservation" name="Test_Registration_page" time="3.288"/>
  <testcase classname="Fo.Reservation" name="Test_Future_Arrival_Date" time="46.687">
    <failure type="org.openqa.selenium.TimeoutException" message="Expected condition failed: waiting for element to be clickable: By.xpath: //button[text()=&amp;apos;OK&amp;apos;] (tried for 20 second(s) with 500 milliseconds interval)
Build info: version: &amp;apos;4.33.0&amp;apos;, revision: &amp;apos;2c6aaad03a&amp;apos;
System info: os.name: &amp;apos;Windows 10&amp;apos;, os.arch: &amp;apos;amd64&amp;apos;, os.version: &amp;apos;10.0&amp;apos;, java.version: &amp;apos;21.0.7&amp;apos;
Driver info: org.openqa.selenium.chrome.ChromeDriver
Capabilities {acceptInsecureCerts: false, browserName: chrome, browserVersion: 137.0.7151.104, chrome: {chromedriverVersion: 137.0.7151.68 (2989ffee9373..., userDataDir: C:\Users\Jeeva\AppData\Loca...}, fedcm:accounts: true, goog:chromeOptions: {debuggerAddress: localhost:52984}, networkConnectionEnabled: false, pageLoadStrategy: normal, platformName: windows, proxy: Proxy(), se:cdp: ws://localhost:52984/devtoo..., se:cdpVersion: 137.0.7151.104, setWindowRect: true, strictFileInteractability: false, timeouts: {implicit: 0, pageLoad: 300000, script: 30000}, unhandledPromptBehavior: dismiss and notify, webauthn:extension:credBlob: true, webauthn:extension:largeBlob: true, webauthn:extension:minPinLength: true, webauthn:extension:prf: true, webauthn:virtualAuthenticators: true}
Session ID: 5e3a17bcb680bc629fd5fcabf7556497">
      <![CDATA[org.openqa.selenium.TimeoutException: Expected condition failed: waiting for element to be clickable: By.xpath: //button[text()='OK'] (tried for 20 second(s) with 500 milliseconds interval)
Build info: version: '4.33.0', revision: '2c6aaad03a'
System info: os.name: 'Windows 10', os.arch: 'amd64', os.version: '10.0', java.version: '21.0.7'
Driver info: org.openqa.selenium.chrome.ChromeDriver
Capabilities {acceptInsecureCerts: false, browserName: chrome, browserVersion: 137.0.7151.104, chrome: {chromedriverVersion: 137.0.7151.68 (2989ffee9373..., userDataDir: C:\Users\Jeeva\AppData\Loca...}, fedcm:accounts: true, goog:chromeOptions: {debuggerAddress: localhost:52984}, networkConnectionEnabled: false, pageLoadStrategy: normal, platformName: windows, proxy: Proxy(), se:cdp: ws://localhost:52984/devtoo..., se:cdpVersion: 137.0.7151.104, setWindowRect: true, strictFileInteractability: false, timeouts: {implicit: 0, pageLoad: 300000, script: 30000}, unhandledPromptBehavior: dismiss and notify, webauthn:extension:credBlob: true, webauthn:extension:largeBlob: true, webauthn:extension:minPinLength: true, webauthn:extension:prf: true, webauthn:virtualAuthenticators: true}
Session ID: 5e3a17bcb680bc629fd5fcabf7556497
at org.openqa.selenium.support.ui.WebDriverWait.timeoutException(WebDriverWait.java:84)
at org.openqa.selenium.support.ui.FluentWait.until(FluentWait.java:228)
at Fo.Reservation.Test_Future_Arrival_Date(Reservation.java:94)
at java.base/java.util.ArrayList.forEach(ArrayList.java:1596)
... Removed 25 stack frames]]>
    </failure>
  </testcase> <!-- Test_Future_Arrival_Date -->
  <testcase classname="Fo.Reservation" name="Test_Registration_with_TodayDate" time="10.762"/>
  <testcase classname="Fo.Reservation" name="Verify_Positive_nights" time="5.751"/>
  <testcase classname="Fo.Reservation" name="Test_Mandatory_Fields_arrivaldate" time="3.26"/>
  <testcase classname="Fo.Reservation" name="Test_Mandatory_Fields_arraivaltime" time="3.187"/>
  <testcase classname="Fo.Reservation" name="Test_Mandatory_Fields_departuredate" time="4.141"/>
  <testcase classname="Fo.Reservation" name="Test_Mandatory_Fields_departuretime" time="5.999"/>
  <testcase classname="Fo.Reservation" name="Test_Mandatory_Guest" time="2.848"/>
  <testcase classname="Fo.Reservation" name="Test_Mandatory_Ratecode" time="5.362"/>
  <testcase classname="Fo.Reservation" name="Test_Mandatory_Roomtype" time="4.924"/>
  <testcase classname="Fo.Reservation" name="Test_Mandatory_Segment" time="29.211"/>
  <testcase classname="Fo.Reservation" name="Test_Mandatory_GuestType" time="25.248"/>
  <testcase classname="Fo.Reservation" name="Test_Mandatory_NoofRooms" time="24.276"/>
  <testcase classname="Fo.Reservation" name="Test_CheckinList_Confirmed" time="16.232"/>
  <testcase classname="Fo.Reservation" name="Test_CheckinList_Tentative" time="38.258"/>
  <testcase classname="Fo.Reservation" name="Test_CheckinList_WaitingList" time="40.889"/>
  <testcase classname="Fo.Reservation" name="Test_Advance_Amount" time="26.347">
    <failure type="org.openqa.selenium.ElementClickInterceptedException" message="element click intercepted: Element &amp;lt;input aria-required=&amp;quot;true&amp;quot; maxlength=&amp;quot;18&amp;quot; id=&amp;quot;1749806250378&amp;quot; type=&amp;quot;text&amp;quot; value=&amp;quot;&amp;quot; style=&amp;quot;width:111px;text-align:right;&amp;quot; oninput=&amp;quot;fnCurFormatDecimalHtmlContFoResAdv(this, event,&amp;apos;L&amp;apos;,&amp;apos;.&amp;apos;,&amp;apos;3&amp;apos;) &amp;quot;&amp;gt; is not clickable at point (175, 297). Other element would receive the click: &amp;lt;div class=&amp;quot;webix_modal&amp;quot; style=&amp;quot;z-index: 100;&amp;quot;&amp;gt;&amp;lt;/div&amp;gt;
  (Session info: chrome=137.0.7151.104)
Build info: version: &amp;apos;4.33.0&amp;apos;, revision: &amp;apos;2c6aaad03a&amp;apos;
System info: os.name: &amp;apos;Windows 10&amp;apos;, os.arch: &amp;apos;amd64&amp;apos;, os.version: &amp;apos;10.0&amp;apos;, java.version: &amp;apos;21.0.7&amp;apos;
Driver info: org.openqa.selenium.chrome.ChromeDriver
Command: [5e3a17bcb680bc629fd5fcabf7556497, clickElement {id=f.19A69ED7631E6853771521F64C3E48C4.d.49742E94D1484C98C3028A43E427F04A.e.2282}]
Capabilities {acceptInsecureCerts: false, browserName: chrome, browserVersion: 137.0.7151.104, chrome: {chromedriverVersion: 137.0.7151.68 (2989ffee9373..., userDataDir: C:\Users\Jeeva\AppData\Loca...}, fedcm:accounts: true, goog:chromeOptions: {debuggerAddress: localhost:52984}, networkConnectionEnabled: false, pageLoadStrategy: normal, platformName: windows, proxy: Proxy(), se:cdp: ws://localhost:52984/devtoo..., se:cdpVersion: 137.0.7151.104, setWindowRect: true, strictFileInteractability: false, timeouts: {implicit: 0, pageLoad: 300000, script: 30000}, unhandledPromptBehavior: dismiss and notify, webauthn:extension:credBlob: true, webauthn:extension:largeBlob: true, webauthn:extension:minPinLength: true, webauthn:extension:prf: true, webauthn:virtualAuthenticators: true}
Element: [[ChromeDriver: chrome on windows (5e3a17bcb680bc629fd5fcabf7556497)] -&amp;gt; xpath: //label[text()=&amp;apos;Amount&amp;apos;]/following-sibling::input[@type=&amp;apos;text&amp;apos;]]
Session ID: 5e3a17bcb680bc629fd5fcabf7556497">
      <![CDATA[org.openqa.selenium.ElementClickInterceptedException: element click intercepted: Element <input aria-required="true" maxlength="18" id="1749806250378" type="text" value="" style="width:111px;text-align:right;" oninput="fnCurFormatDecimalHtmlContFoResAdv(this, event,'L','.','3') "> is not clickable at point (175, 297). Other element would receive the click: <div class="webix_modal" style="z-index: 100;"></div>
  (Session info: chrome=137.0.7151.104)
Build info: version: '4.33.0', revision: '2c6aaad03a'
System info: os.name: 'Windows 10', os.arch: 'amd64', os.version: '10.0', java.version: '21.0.7'
Driver info: org.openqa.selenium.chrome.ChromeDriver
Command: [5e3a17bcb680bc629fd5fcabf7556497, clickElement {id=f.19A69ED7631E6853771521F64C3E48C4.d.49742E94D1484C98C3028A43E427F04A.e.2282}]
Capabilities {acceptInsecureCerts: false, browserName: chrome, browserVersion: 137.0.7151.104, chrome: {chromedriverVersion: 137.0.7151.68 (2989ffee9373..., userDataDir: C:\Users\Jeeva\AppData\Loca...}, fedcm:accounts: true, goog:chromeOptions: {debuggerAddress: localhost:52984}, networkConnectionEnabled: false, pageLoadStrategy: normal, platformName: windows, proxy: Proxy(), se:cdp: ws://localhost:52984/devtoo..., se:cdpVersion: 137.0.7151.104, setWindowRect: true, strictFileInteractability: false, timeouts: {implicit: 0, pageLoad: 300000, script: 30000}, unhandledPromptBehavior: dismiss and notify, webauthn:extension:credBlob: true, webauthn:extension:largeBlob: true, webauthn:extension:minPinLength: true, webauthn:extension:prf: true, webauthn:virtualAuthenticators: true}
Element: [[ChromeDriver: chrome on windows (5e3a17bcb680bc629fd5fcabf7556497)] -> xpath: //label[text()='Amount']/following-sibling::input[@type='text']]
Session ID: 5e3a17bcb680bc629fd5fcabf7556497
at org.openqa.selenium.remote.ErrorCodec.decode(ErrorCodec.java:167)
at org.openqa.selenium.remote.codec.w3c.W3CHttpResponseCodec.decode(W3CHttpResponseCodec.java:138)
at org.openqa.selenium.remote.codec.w3c.W3CHttpResponseCodec.decode(W3CHttpResponseCodec.java:50)
at org.openqa.selenium.remote.HttpCommandExecutor.execute(HttpCommandExecutor.java:215)
at org.openqa.selenium.remote.service.DriverCommandExecutor.invokeExecute(DriverCommandExecutor.java:216)
at org.openqa.selenium.remote.service.DriverCommandExecutor.execute(DriverCommandExecutor.java:174)
at org.openqa.selenium.remote.RemoteWebDriver.execute(RemoteWebDriver.java:544)
at org.openqa.selenium.remote.RemoteWebElement.execute(RemoteWebElement.java:223)
at org.openqa.selenium.remote.RemoteWebElement.click(RemoteWebElement.java:76)
at Fo.Reservation.Test_Advance_Amount(Reservation.java:1125)
at java.base/java.util.ArrayList.forEach(ArrayList.java:1596)
... Removed 28 stack frames]]>
    </failure>
  </testcase> <!-- Test_Advance_Amount -->
  <testcase classname="Fo.Reservation" name="Test_Complete_Reservation" time="10.851"/>
  <testcase classname="Fo.Reservation" name="Test_Complete_Checkin" time="24.031"/>
</testsuite> <!-- Login Test Cases -->
